<?xml version="1.0" encoding="UTF-8"?>
<!-- Generated by org.testng.reporters.JUnitReportReporter -->
<testsuite hostname="DESKTOP-JPD391C" name="qaGirish.RestAssuredPractice.DyanmicJson" tests="3" failures="0" timestamp="22 Oct 2020 04:27:51 GMT" time="4.184" errors="0">
  <testcase name="addBook" time="0.197" classname="qaGirish.RestAssuredPractice.DyanmicJson"/>
  <testcase name="addBook" time="0.208" classname="qaGirish.RestAssuredPractice.DyanmicJson"/>
  <testcase name="addBook" time="3.779" classname="qaGirish.RestAssuredPractice.DyanmicJson"/>
</testsuite> <!-- qaGirish.RestAssuredPractice.DyanmicJson -->
